<?xml version="1.0" encoding="UTF-8"?>
<testsuite xmlns:xsi="http://www.w3.org/2001/XMLSchema-instance" xsi:noNamespaceSchemaLocation="https://maven.apache.org/surefire/maven-surefire-plugin/xsd/surefire-test-report-3.0.xsd" version="3.0" name="org.apache.beam.examples.complete.game.StatefulTeamScoreTest" time="7.187" tests="3" errors="0" skipped="0" failures="0">
  <properties>
    <property name="sun.desktop" value="windows"/>
    <property name="awt.toolkit" value="sun.awt.windows.WToolkit"/>
    <property name="java.specification.version" value="11"/>
    <property name="sun.cpu.isalist" value="amd64"/>
    <property name="sun.jnu.encoding" value="Cp1252"/>
    <property name="java.class.path" value="C:\Users\s542392\Documents\44517\word-count-beam\target\test-classes;C:\Users\s542392\Documents\44517\word-count-beam\target\classes;C:\Users\s542392\.m2\repository\org\apache\beam\beam-sdks-java-core\2.36.0\beam-sdks-java-core-2.36.0.jar;C:\Users\s542392\.m2\repository\org\apache\beam\beam-model-pipeline\2.36.0\beam-model-pipeline-2.36.0.jar;C:\Users\s542392\.m2\repository\org\conscrypt\conscrypt-openjdk-uber\2.5.1\conscrypt-openjdk-uber-2.5.1.jar;C:\Users\s542392\.m2\repository\org\apache\beam\beam-model-job-management\2.36.0\beam-model-job-management-2.36.0.jar;C:\Users\s542392\.m2\repository\org\apache\beam\beam-vendor-bytebuddy-1_11_0\0.1\beam-vendor-bytebuddy-1_11_0-0.1.jar;C:\Users\s542392\.m2\repository\org\apache\beam\beam-vendor-grpc-1_43_2\0.1\beam-vendor-grpc-1_43_2-0.1.jar;C:\Users\s542392\.m2\repository\org\apache\beam\beam-vendor-guava-26_0-jre\0.1\beam-vendor-guava-26_0-jre-0.1.jar;C:\Users\s542392\.m2\repository\com\google\code\findbugs\jsr305\3.0.2\jsr305-3.0.2.jar;C:\Users\s542392\.m2\repository\com\google\errorprone\error_prone_annotations\2.3.4\error_prone_annotations-2.3.4.jar;C:\Users\s542392\.m2\repository\com\fasterxml\jackson\core\jackson-core\2.13.0\jackson-core-2.13.0.jar;C:\Users\s542392\.m2\repository\com\fasterxml\jackson\core\jackson-annotations\2.13.0\jackson-annotations-2.13.0.jar;C:\Users\s542392\.m2\repository\com\fasterxml\jackson\core\jackson-databind\2.13.0\jackson-databind-2.13.0.jar;C:\Users\s542392\.m2\repository\org\apache\avro\avro\1.8.2\avro-1.8.2.jar;C:\Users\s542392\.m2\repository\org\codehaus\jackson\jackson-core-asl\1.9.13\jackson-core-asl-1.9.13.jar;C:\Users\s542392\.m2\repository\org\codehaus\jackson\jackson-mapper-asl\1.9.13\jackson-mapper-asl-1.9.13.jar;C:\Users\s542392\.m2\repository\com\thoughtworks\paranamer\paranamer\2.7\paranamer-2.7.jar;C:\Users\s542392\.m2\repository\org\apache\commons\commons-compress\1.8.1\commons-compress-1.8.1.jar;C:\Users\s542392\.m2\repository\org\tukaani\xz\1.5\xz-1.5.jar;C:\Users\s542392\.m2\repository\org\xerial\snappy\snappy-java\1.1.8.4\snappy-java-1.1.8.4.jar;C:\Users\s542392\.m2\repository\org\apache\beam\beam-sdks-java-io-google-cloud-platform\2.36.0\beam-sdks-java-io-google-cloud-platform-2.36.0.jar;C:\Users\s542392\.m2\repository\org\checkerframework\checker-qual\3.10.0\checker-qual-3.10.0.jar;C:\Users\s542392\.m2\repository\org\apache\beam\beam-runners-core-java\2.36.0\beam-runners-core-java-2.36.0.jar;C:\Users\s542392\.m2\repository\org\apache\beam\beam-sdks-java-fn-execution\2.36.0\beam-sdks-java-fn-execution-2.36.0.jar;C:\Users\s542392\.m2\repository\org\apache\beam\beam-sdks-java-expansion-service\2.36.0\beam-sdks-java-expansion-service-2.36.0.jar;C:\Users\s542392\.m2\repository\com\fasterxml\jackson\dataformat\jackson-dataformat-yaml\2.13.0\jackson-dataformat-yaml-2.13.0.jar;C:\Users\s542392\.m2\repository\org\yaml\snakeyaml\1.28\snakeyaml-1.28.jar;C:\Users\s542392\.m2\repository\org\apache\beam\beam-sdks-java-extensions-google-cloud-platform-core\2.36.0\beam-sdks-java-extensions-google-cloud-platform-core-2.36.0.jar;C:\Users\s542392\.m2\repository\com\google\cloud\bigdataoss\gcsio\2.2.4\gcsio-2.2.4.jar;C:\Users\s542392\.m2\repository\com\google\api\grpc\grpc-google-cloud-storage-v2\2.0.1-alpha\grpc-google-cloud-storage-v2-2.0.1-alpha.jar;C:\Users\s542392\.m2\repository\com\google\api\grpc\proto-google-cloud-storage-v2\2.0.1-alpha\proto-google-cloud-storage-v2-2.0.1-alpha.jar;C:\Users\s542392\.m2\repository\com\google\apis\google-api-services-cloudresourcemanager\v1-rev20211017-1.32.1\google-api-services-cloudresourcemanager-v1-rev20211017-1.32.1.jar;C:\Users\s542392\.m2\repository\org\apache\beam\beam-sdks-java-extensions-protobuf\2.36.0\beam-sdks-java-extensions-protobuf-2.36.0.jar;C:\Users\s542392\.m2\repository\org\apache\beam\beam-runners-core-construction-java\2.36.0\beam-runners-core-construction-java-2.36.0.jar;C:\Users\s542392\.m2\repository\io\github\classgraph\classgraph\4.8.104\classgraph-4.8.104.jar;C:\Users\s542392\.m2\repository\org\apache\beam\beam-sdks-java-extensions-arrow\2.36.0\beam-sdks-java-extensions-arrow-2.36.0.jar;C:\Users\s542392\.m2\repository\com\google\cloud\bigdataoss\util\2.2.4\util-2.2.4.jar;C:\Users\s542392\.m2\repository\com\google\api-client\google-api-client-jackson2\1.32.2\google-api-client-jackson2-1.32.2.jar;C:\Users\s542392\.m2\repository\com\google\apis\google-api-services-iamcredentials\v1-rev20210326-1.32.1\google-api-services-iamcredentials-v1-rev20210326-1.32.1.jar;C:\Users\s542392\.m2\repository\com\google\auto\value\auto-value-annotations\1.9\auto-value-annotations-1.9.jar;C:\Users\s542392\.m2\repository\com\google\flogger\google-extensions\0.7.1\google-extensions-0.7.1.jar;C:\Users\s542392\.m2\repository\com\google\flogger\flogger-system-backend\0.7.3\flogger-system-backend-0.7.3.jar;C:\Users\s542392\.m2\repository\com\google\flogger\flogger\0.7.3\flogger-0.7.3.jar;C:\Users\s542392\.m2\repository\org\checkerframework\checker-compat-qual\2.5.3\checker-compat-qual-2.5.3.jar;C:\Users\s542392\.m2\repository\com\google\api\gax\2.8.1\gax-2.8.1.jar;C:\Users\s542392\.m2\repository\com\google\api\gax-grpc\2.8.1\gax-grpc-2.8.1.jar;C:\Users\s542392\.m2\repository\io\grpc\grpc-xds\1.42.1\grpc-xds-1.42.1.jar;C:\Users\s542392\.m2\repository\com\google\api\gax-httpjson\0.93.1\gax-httpjson-0.93.1.jar;C:\Users\s542392\.m2\repository\com\google\api\api-common\2.1.2\api-common-2.1.2.jar;C:\Users\s542392\.m2\repository\javax\annotation\javax.annotation-api\1.3.2\javax.annotation-api-1.3.2.jar;C:\Users\s542392\.m2\repository\com\google\apis\google-api-services-healthcare\v1-rev20211016-1.32.1\google-api-services-healthcare-v1-rev20211016-1.32.1.jar;C:\Users\s542392\.m2\repository\com\google\apis\google-api-services-storage\v1-rev20211201-1.32.1\google-api-services-storage-v1-rev20211201-1.32.1.jar;C:\Users\s542392\.m2\repository\com\google\auth\google-auth-library-credentials\1.3.0\google-auth-library-credentials-1.3.0.jar;C:\Users\s542392\.m2\repository\com\google\auth\google-auth-library-oauth2-http\1.3.0\google-auth-library-oauth2-http-1.3.0.jar;C:\Users\s542392\.m2\repository\com\google\cloud\google-cloud-bigquerystorage\2.8.1\google-cloud-bigquerystorage-2.8.1.jar;C:\Users\s542392\.m2\repository\io\grpc\grpc-protobuf-lite\1.43.2\grpc-protobuf-lite-1.43.2.jar;C:\Users\s542392\.m2\repository\com\google\api\grpc\proto-google-cloud-bigquerystorage-v1beta1\0.132.1\proto-google-cloud-bigquerystorage-v1beta1-0.132.1.jar;C:\Users\s542392\.m2\repository\com\google\api\grpc\proto-google-cloud-bigquerystorage-v1beta2\0.132.1\proto-google-cloud-bigquerystorage-v1beta2-0.132.1.jar;C:\Users\s542392\.m2\repository\com\google\guava\failureaccess\1.0.1\failureaccess-1.0.1.jar;C:\Users\s542392\.m2\repository\com\google\guava\listenablefuture\9999.0-empty-to-avoid-conflict-with-guava\listenablefuture-9999.0-empty-to-avoid-conflict-with-guava.jar;C:\Users\s542392\.m2\repository\io\grpc\grpc-services\1.43.2\grpc-services-1.43.2.jar;C:\Users\s542392\.m2\repository\com\google\re2j\re2j\1.5\re2j-1.5.jar;C:\Users\s542392\.m2\repository\org\bouncycastle\bcpkix-jdk15on\1.67\bcpkix-jdk15on-1.67.jar;C:\Users\s542392\.m2\repository\org\bouncycastle\bcprov-jdk15on\1.67\bcprov-jdk15on-1.67.jar;C:\Users\s542392\.m2\repository\io\opencensus\opencensus-proto\0.2.0\opencensus-proto-0.2.0.jar;C:\Users\s542392\.m2\repository\org\json\json\20200518\json-20200518.jar;C:\Users\s542392\.m2\repository\com\google\android\annotations\4.1.1.4\annotations-4.1.1.4.jar;C:\Users\s542392\.m2\repository\org\codehaus\mojo\animal-sniffer-annotations\1.20\animal-sniffer-annotations-1.20.jar;C:\Users\s542392\.m2\repository\io\perfmark\perfmark-api\0.23.0\perfmark-api-0.23.0.jar;C:\Users\s542392\.m2\repository\com\google\api\grpc\proto-google-iam-v1\1.2.0\proto-google-iam-v1-1.2.0.jar;C:\Users\s542392\.m2\repository\commons-logging\commons-logging\1.2\commons-logging-1.2.jar;C:\Users\s542392\.m2\repository\commons-codec\commons-codec\1.15\commons-codec-1.15.jar;C:\Users\s542392\.m2\repository\com\google\api\grpc\grpc-google-cloud-bigquerystorage-v1beta1\0.132.1\grpc-google-cloud-bigquerystorage-v1beta1-0.132.1.jar;C:\Users\s542392\.m2\repository\com\google\api\grpc\grpc-google-cloud-bigquerystorage-v1beta2\0.132.1\grpc-google-cloud-bigquerystorage-v1beta2-0.132.1.jar;C:\Users\s542392\.m2\repository\com\google\api\grpc\grpc-google-cloud-bigquerystorage-v1\2.8.1\grpc-google-cloud-bigquerystorage-v1-2.8.1.jar;C:\Users\s542392\.m2\repository\com\google\cloud\bigtable\bigtable-client-core\1.25.1\bigtable-client-core-1.25.1.jar;C:\Users\s542392\.m2\repository\com\google\cloud\google-cloud-bigtable\2.5.1\google-cloud-bigtable-2.5.1.jar;C:\Users\s542392\.m2\repository\com\google\api\grpc\grpc-google-common-protos\2.7.1\grpc-google-common-protos-2.7.1.jar;C:\Users\s542392\.m2\repository\com\google\api\grpc\grpc-google-cloud-bigtable-v2\2.5.1\grpc-google-cloud-bigtable-v2-2.5.1.jar;C:\Users\s542392\.m2\repository\com\google\api\grpc\grpc-google-cloud-bigtable-admin-v2\2.5.1\grpc-google-cloud-bigtable-admin-v2-2.5.1.jar;C:\Users\s542392\.m2\repository\com\google\cloud\google-cloud-core-http\2.3.5\google-cloud-core-http-2.3.5.jar;C:\Users\s542392\.m2\repository\com\google\http-client\google-http-client-appengine\1.41.0\google-http-client-appengine-1.41.0.jar;C:\Users\s542392\.m2\repository\com\google\cloud\bigtable\bigtable-metrics-api\1.25.1\bigtable-metrics-api-1.25.1.jar;C:\Users\s542392\.m2\repository\io\opencensus\opencensus-contrib-grpc-util\0.28.0\opencensus-contrib-grpc-util-0.28.0.jar;C:\Users\s542392\.m2\repository\io\dropwizard\metrics\metrics-core\3.1.2\metrics-core-3.1.2.jar;C:\Users\s542392\.m2\repository\com\google\cloud\google-cloud-core\2.3.5\google-cloud-core-2.3.5.jar;C:\Users\s542392\.m2\repository\com\google\cloud\google-cloud-core-grpc\2.3.5\google-cloud-core-grpc-2.3.5.jar;C:\Users\s542392\.m2\repository\com\google\cloud\datastore\datastore-v1-proto-client\2.1.3\datastore-v1-proto-client-2.1.3.jar;C:\Users\s542392\.m2\repository\com\google\http-client\google-http-client-protobuf\1.41.0\google-http-client-protobuf-1.41.0.jar;C:\Users\s542392\.m2\repository\com\google\cloud\google-cloud-firestore\3.0.10\google-cloud-firestore-3.0.10.jar;C:\Users\s542392\.m2\repository\com\google\cloud\proto-google-cloud-firestore-bundle-v1\3.0.10\proto-google-cloud-firestore-bundle-v1-3.0.10.jar;C:\Users\s542392\.m2\repository\com\google\cloud\google-cloud-pubsublite\1.4.8\google-cloud-pubsublite-1.4.8.jar;C:\Users\s542392\.m2\repository\com\google\cloud\google-cloud-pubsub\1.115.1\google-cloud-pubsub-1.115.1.jar;C:\Users\s542392\.m2\repository\com\google\cloud\google-cloud-spanner\6.17.4\google-cloud-spanner-6.17.4.jar;C:\Users\s542392\.m2\repository\com\google\cloud\grpc-gcp\1.1.0\grpc-gcp-1.1.0.jar;C:\Users\s542392\.m2\repository\com\google\api\grpc\proto-google-cloud-spanner-admin-instance-v1\6.17.4\proto-google-cloud-spanner-admin-instance-v1-6.17.4.jar;C:\Users\s542392\.m2\repository\com\google\api\grpc\grpc-google-cloud-spanner-admin-instance-v1\6.17.4\grpc-google-cloud-spanner-admin-instance-v1-6.17.4.jar;C:\Users\s542392\.m2\repository\com\google\api\grpc\grpc-google-cloud-spanner-v1\6.17.4\grpc-google-cloud-spanner-v1-6.17.4.jar;C:\Users\s542392\.m2\repository\com\google\api\grpc\grpc-google-cloud-spanner-admin-database-v1\6.17.4\grpc-google-cloud-spanner-admin-database-v1-6.17.4.jar;C:\Users\s542392\.m2\repository\com\google\code\gson\gson\2.8.9\gson-2.8.9.jar;C:\Users\s542392\.m2\repository\com\google\http-client\google-http-client-jackson2\1.41.0\google-http-client-jackson2-1.41.0.jar;C:\Users\s542392\.m2\repository\io\grpc\grpc-alts\1.43.2\grpc-alts-1.43.2.jar;C:\Users\s542392\.m2\repository\io\grpc\grpc-api\1.43.2\grpc-api-1.43.2.jar;C:\Users\s542392\.m2\repository\io\grpc\grpc-auth\1.43.2\grpc-auth-1.43.2.jar;C:\Users\s542392\.m2\repository\io\grpc\grpc-core\1.43.2\grpc-core-1.43.2.jar;C:\Users\s542392\.m2\repository\io\grpc\grpc-context\1.43.2\grpc-context-1.43.2.jar;C:\Users\s542392\.m2\repository\io\grpc\grpc-grpclb\1.43.2\grpc-grpclb-1.43.2.jar;C:\Users\s542392\.m2\repository\io\grpc\grpc-netty\1.43.2\grpc-netty-1.43.2.jar;C:\Users\s542392\.m2\repository\io\netty\netty-codec-http2\4.1.63.Final\netty-codec-http2-4.1.63.Final.jar;C:\Users\s542392\.m2\repository\io\netty\netty-codec-http\4.1.63.Final\netty-codec-http-4.1.63.Final.jar;C:\Users\s542392\.m2\repository\io\netty\netty-handler-proxy\4.1.63.Final\netty-handler-proxy-4.1.63.Final.jar;C:\Users\s542392\.m2\repository\io\netty\netty-codec-socks\4.1.63.Final\netty-codec-socks-4.1.63.Final.jar;C:\Users\s542392\.m2\repository\io\grpc\grpc-netty-shaded\1.43.2\grpc-netty-shaded-1.43.2.jar;C:\Users\s542392\.m2\repository\io\grpc\grpc-protobuf\1.43.2\grpc-protobuf-1.43.2.jar;C:\Users\s542392\.m2\repository\io\grpc\grpc-stub\1.43.2\grpc-stub-1.43.2.jar;C:\Users\s542392\.m2\repository\com\google\api\grpc\grpc-google-cloud-pubsub-v1\1.97.1\grpc-google-cloud-pubsub-v1-1.97.1.jar;C:\Users\s542392\.m2\repository\com\google\api\grpc\grpc-google-cloud-pubsublite-v1\1.4.8\grpc-google-cloud-pubsublite-v1-1.4.8.jar;C:\Users\s542392\.m2\repository\com\google\guava\guava\31.0.1-jre\guava-31.0.1-jre.jar;C:\Users\s542392\.m2\repository\org\hamcrest\hamcrest\2.1\hamcrest-2.1.jar;C:\Users\s542392\.m2\repository\org\apache\httpcomponents\httpclient\4.5.13\httpclient-4.5.13.jar;C:\Users\s542392\.m2\repository\org\apache\httpcomponents\httpcore\4.4.14\httpcore-4.4.14.jar;C:\Users\s542392\.m2\repository\io\netty\netty-handler\4.1.52.Final\netty-handler-4.1.52.Final.jar;C:\Users\s542392\.m2\repository\io\netty\netty-common\4.1.52.Final\netty-common-4.1.52.Final.jar;C:\Users\s542392\.m2\repository\io\netty\netty-resolver\4.1.52.Final\netty-resolver-4.1.52.Final.jar;C:\Users\s542392\.m2\repository\io\netty\netty-buffer\4.1.52.Final\netty-buffer-4.1.52.Final.jar;C:\Users\s542392\.m2\repository\io\netty\netty-transport\4.1.52.Final\netty-transport-4.1.52.Final.jar;C:\Users\s542392\.m2\repository\io\netty\netty-codec\4.1.52.Final\netty-codec-4.1.52.Final.jar;C:\Users\s542392\.m2\repository\io\netty\netty-tcnative-boringssl-static\2.0.33.Final\netty-tcnative-boringssl-static-2.0.33.Final.jar;C:\Users\s542392\.m2\repository\com\google\api\grpc\proto-google-cloud-bigquerystorage-v1\2.8.1\proto-google-cloud-bigquerystorage-v1-2.8.1.jar;C:\Users\s542392\.m2\repository\com\google\api\grpc\proto-google-cloud-bigtable-admin-v2\2.5.1\proto-google-cloud-bigtable-admin-v2-2.5.1.jar;C:\Users\s542392\.m2\repository\com\google\api\grpc\proto-google-cloud-bigtable-v2\2.5.1\proto-google-cloud-bigtable-v2-2.5.1.jar;C:\Users\s542392\.m2\repository\com\google\api\grpc\proto-google-cloud-datastore-v1\0.93.2\proto-google-cloud-datastore-v1-0.93.2.jar;C:\Users\s542392\.m2\repository\com\google\api\grpc\proto-google-cloud-firestore-v1\3.0.10\proto-google-cloud-firestore-v1-3.0.10.jar;C:\Users\s542392\.m2\repository\com\google\api\grpc\proto-google-cloud-pubsub-v1\1.97.1\proto-google-cloud-pubsub-v1-1.97.1.jar;C:\Users\s542392\.m2\repository\com\google\api\grpc\proto-google-cloud-pubsublite-v1\1.4.8\proto-google-cloud-pubsublite-v1-1.4.8.jar;C:\Users\s542392\.m2\repository\com\google\api\grpc\proto-google-cloud-spanner-admin-database-v1\6.17.4\proto-google-cloud-spanner-admin-database-v1-6.17.4.jar;C:\Users\s542392\.m2\repository\com\google\api\grpc\proto-google-cloud-spanner-v1\6.17.4\proto-google-cloud-spanner-v1-6.17.4.jar;C:\Users\s542392\.m2\repository\com\google\api\grpc\proto-google-common-protos\2.7.1\proto-google-common-protos-2.7.1.jar;C:\Users\s542392\.m2\repository\com\google\protobuf\protobuf-java\3.19.2\protobuf-java-3.19.2.jar;C:\Users\s542392\.m2\repository\com\google\protobuf\protobuf-java-util\3.19.2\protobuf-java-util-3.19.2.jar;C:\Users\s542392\.m2\repository\org\apache\arrow\arrow-memory-core\5.0.0\arrow-memory-core-5.0.0.jar;C:\Users\s542392\.m2\repository\org\apache\arrow\arrow-vector\5.0.0\arrow-vector-5.0.0.jar;C:\Users\s542392\.m2\repository\org\apache\arrow\arrow-format\5.0.0\arrow-format-5.0.0.jar;C:\Users\s542392\.m2\repository\com\google\flatbuffers\flatbuffers-java\1.12.0\flatbuffers-java-1.12.0.jar;C:\Users\s542392\.m2\repository\org\threeten\threetenbp\1.4.4\threetenbp-1.4.4.jar;C:\Users\s542392\.m2\repository\io\opencensus\opencensus-api\0.30.0\opencensus-api-0.30.0.jar;C:\Users\s542392\.m2\repository\com\google\api-client\google-api-client\1.32.1\google-api-client-1.32.1.jar;C:\Users\s542392\.m2\repository\com\google\oauth-client\google-oauth-client\1.31.5\google-oauth-client-1.31.5.jar;C:\Users\s542392\.m2\repository\com\google\http-client\google-http-client-gson\1.41.0\google-http-client-gson-1.41.0.jar;C:\Users\s542392\.m2\repository\com\google\http-client\google-http-client-apache-v2\1.41.0\google-http-client-apache-v2-1.41.0.jar;C:\Users\s542392\.m2\repository\com\google\apis\google-api-services-bigquery\v2-rev20211129-1.32.1\google-api-services-bigquery-v2-rev20211129-1.32.1.jar;C:\Users\s542392\.m2\repository\com\google\http-client\google-http-client\1.41.0\google-http-client-1.41.0.jar;C:\Users\s542392\.m2\repository\com\google\j2objc\j2objc-annotations\1.3\j2objc-annotations-1.3.jar;C:\Users\s542392\.m2\repository\io\opencensus\opencensus-contrib-http-util\0.28.0\opencensus-contrib-http-util-0.28.0.jar;C:\Users\s542392\.m2\repository\com\google\apis\google-api-services-pubsub\v1-rev20211130-1.32.1\google-api-services-pubsub-v1-rev20211130-1.32.1.jar;C:\Users\s542392\.m2\repository\joda-time\joda-time\2.10.10\joda-time-2.10.10.jar;C:\Users\s542392\.m2\repository\org\slf4j\slf4j-api\1.7.30\slf4j-api-1.7.30.jar;C:\Users\s542392\.m2\repository\org\slf4j\slf4j-jdk14\1.7.30\slf4j-jdk14-1.7.30.jar;C:\Users\s542392\.m2\repository\org\hamcrest\hamcrest-core\2.1\hamcrest-core-2.1.jar;C:\Users\s542392\.m2\repository\org\hamcrest\hamcrest-library\2.1\hamcrest-library-2.1.jar;C:\Users\s542392\.m2\repository\junit\junit\4.13.1\junit-4.13.1.jar;C:\Users\s542392\.m2\repository\org\apache\beam\beam-runners-direct-java\2.36.0\beam-runners-direct-java-2.36.0.jar;C:\Users\s542392\.m2\repository\org\mockito\mockito-core\3.7.7\mockito-core-3.7.7.jar;C:\Users\s542392\.m2\repository\net\bytebuddy\byte-buddy\1.10.19\byte-buddy-1.10.19.jar;C:\Users\s542392\.m2\repository\net\bytebuddy\byte-buddy-agent\1.10.19\byte-buddy-agent-1.10.19.jar;C:\Users\s542392\.m2\repository\org\objenesis\objenesis\3.1\objenesis-3.1.jar;C:\Users\s542392\.m2\repository\org\apache\beam\beam-runners-portability-java\2.36.0\beam-runners-portability-java-2.36.0.jar;C:\Users\s542392\.m2\repository\org\apache\beam\beam-runners-java-fn-execution\2.36.0\beam-runners-java-fn-execution-2.36.0.jar;C:\Users\s542392\.m2\repository\org\apache\beam\beam-model-fn-execution\2.36.0\beam-model-fn-execution-2.36.0.jar;C:\Users\s542392\.m2\repository\org\apache\beam\beam-runners-java-job-service\2.36.0\beam-runners-java-job-service-2.36.0.jar;C:\Users\s542392\.m2\repository\args4j\args4j\2.33\args4j-2.33.jar;C:\Users\s542392\.m2\repository\org\apache\beam\beam-sdks-java-harness\2.36.0\beam-sdks-java-harness-2.36.0.jar;"/>
    <property name="java.vm.vendor" value="Oracle Corporation"/>
    <property name="sun.arch.data.model" value="64"/>
    <property name="user.variant" value=""/>
    <property name="java.vendor.url" value="https://openjdk.java.net/"/>
    <property name="user.timezone" value="America/Chicago"/>
    <property name="java.vm.specification.version" value="11"/>
    <property name="os.name" value="Windows 10"/>
    <property name="sun.java.launcher" value="SUN_STANDARD"/>
    <property name="user.country" value="US"/>
    <property name="sun.boot.library.path" value="C:\Program Files\OpenJDK\openjdk-11.0.13_8\bin"/>
    <property name="sun.java.command" value="C:\Users\s542392\AppData\Local\Temp\surefire5368502593689541853\surefirebooter16307196801205181446.jar C:\Users\s542392\AppData\Local\Temp\surefire5368502593689541853 2022-03-28T22-47-12_494-jvmRun1 surefire6359358046145155722tmp surefire_02140208487223760409tmp"/>
    <property name="jdk.debug" value="release"/>
    <property name="surefire.test.class.path" value="C:\Users\s542392\Documents\44517\word-count-beam\target\test-classes;C:\Users\s542392\Documents\44517\word-count-beam\target\classes;C:\Users\s542392\.m2\repository\org\apache\beam\beam-sdks-java-core\2.36.0\beam-sdks-java-core-2.36.0.jar;C:\Users\s542392\.m2\repository\org\apache\beam\beam-model-pipeline\2.36.0\beam-model-pipeline-2.36.0.jar;C:\Users\s542392\.m2\repository\org\conscrypt\conscrypt-openjdk-uber\2.5.1\conscrypt-openjdk-uber-2.5.1.jar;C:\Users\s542392\.m2\repository\org\apache\beam\beam-model-job-management\2.36.0\beam-model-job-management-2.36.0.jar;C:\Users\s542392\.m2\repository\org\apache\beam\beam-vendor-bytebuddy-1_11_0\0.1\beam-vendor-bytebuddy-1_11_0-0.1.jar;C:\Users\s542392\.m2\repository\org\apache\beam\beam-vendor-grpc-1_43_2\0.1\beam-vendor-grpc-1_43_2-0.1.jar;C:\Users\s542392\.m2\repository\org\apache\beam\beam-vendor-guava-26_0-jre\0.1\beam-vendor-guava-26_0-jre-0.1.jar;C:\Users\s542392\.m2\repository\com\google\code\findbugs\jsr305\3.0.2\jsr305-3.0.2.jar;C:\Users\s542392\.m2\repository\com\google\errorprone\error_prone_annotations\2.3.4\error_prone_annotations-2.3.4.jar;C:\Users\s542392\.m2\repository\com\fasterxml\jackson\core\jackson-core\2.13.0\jackson-core-2.13.0.jar;C:\Users\s542392\.m2\repository\com\fasterxml\jackson\core\jackson-annotations\2.13.0\jackson-annotations-2.13.0.jar;C:\Users\s542392\.m2\repository\com\fasterxml\jackson\core\jackson-databind\2.13.0\jackson-databind-2.13.0.jar;C:\Users\s542392\.m2\repository\org\apache\avro\avro\1.8.2\avro-1.8.2.jar;C:\Users\s542392\.m2\repository\org\codehaus\jackson\jackson-core-asl\1.9.13\jackson-core-asl-1.9.13.jar;C:\Users\s542392\.m2\repository\org\codehaus\jackson\jackson-mapper-asl\1.9.13\jackson-mapper-asl-1.9.13.jar;C:\Users\s542392\.m2\repository\com\thoughtworks\paranamer\paranamer\2.7\paranamer-2.7.jar;C:\Users\s542392\.m2\repository\org\apache\commons\commons-compress\1.8.1\commons-compress-1.8.1.jar;C:\Users\s542392\.m2\repository\org\tukaani\xz\1.5\xz-1.5.jar;C:\Users\s542392\.m2\repository\org\xerial\snappy\snappy-java\1.1.8.4\snappy-java-1.1.8.4.jar;C:\Users\s542392\.m2\repository\org\apache\beam\beam-sdks-java-io-google-cloud-platform\2.36.0\beam-sdks-java-io-google-cloud-platform-2.36.0.jar;C:\Users\s542392\.m2\repository\org\checkerframework\checker-qual\3.10.0\checker-qual-3.10.0.jar;C:\Users\s542392\.m2\repository\org\apache\beam\beam-runners-core-java\2.36.0\beam-runners-core-java-2.36.0.jar;C:\Users\s542392\.m2\repository\org\apache\beam\beam-sdks-java-fn-execution\2.36.0\beam-sdks-java-fn-execution-2.36.0.jar;C:\Users\s542392\.m2\repository\org\apache\beam\beam-sdks-java-expansion-service\2.36.0\beam-sdks-java-expansion-service-2.36.0.jar;C:\Users\s542392\.m2\repository\com\fasterxml\jackson\dataformat\jackson-dataformat-yaml\2.13.0\jackson-dataformat-yaml-2.13.0.jar;C:\Users\s542392\.m2\repository\org\yaml\snakeyaml\1.28\snakeyaml-1.28.jar;C:\Users\s542392\.m2\repository\org\apache\beam\beam-sdks-java-extensions-google-cloud-platform-core\2.36.0\beam-sdks-java-extensions-google-cloud-platform-core-2.36.0.jar;C:\Users\s542392\.m2\repository\com\google\cloud\bigdataoss\gcsio\2.2.4\gcsio-2.2.4.jar;C:\Users\s542392\.m2\repository\com\google\api\grpc\grpc-google-cloud-storage-v2\2.0.1-alpha\grpc-google-cloud-storage-v2-2.0.1-alpha.jar;C:\Users\s542392\.m2\repository\com\google\api\grpc\proto-google-cloud-storage-v2\2.0.1-alpha\proto-google-cloud-storage-v2-2.0.1-alpha.jar;C:\Users\s542392\.m2\repository\com\google\apis\google-api-services-cloudresourcemanager\v1-rev20211017-1.32.1\google-api-services-cloudresourcemanager-v1-rev20211017-1.32.1.jar;C:\Users\s542392\.m2\repository\org\apache\beam\beam-sdks-java-extensions-protobuf\2.36.0\beam-sdks-java-extensions-protobuf-2.36.0.jar;C:\Users\s542392\.m2\repository\org\apache\beam\beam-runners-core-construction-java\2.36.0\beam-runners-core-construction-java-2.36.0.jar;C:\Users\s542392\.m2\repository\io\github\classgraph\classgraph\4.8.104\classgraph-4.8.104.jar;C:\Users\s542392\.m2\repository\org\apache\beam\beam-sdks-java-extensions-arrow\2.36.0\beam-sdks-java-extensions-arrow-2.36.0.jar;C:\Users\s542392\.m2\repository\com\google\cloud\bigdataoss\util\2.2.4\util-2.2.4.jar;C:\Users\s542392\.m2\repository\com\google\api-client\google-api-client-jackson2\1.32.2\google-api-client-jackson2-1.32.2.jar;C:\Users\s542392\.m2\repository\com\google\apis\google-api-services-iamcredentials\v1-rev20210326-1.32.1\google-api-services-iamcredentials-v1-rev20210326-1.32.1.jar;C:\Users\s542392\.m2\repository\com\google\auto\value\auto-value-annotations\1.9\auto-value-annotations-1.9.jar;C:\Users\s542392\.m2\repository\com\google\flogger\google-extensions\0.7.1\google-extensions-0.7.1.jar;C:\Users\s542392\.m2\repository\com\google\flogger\flogger-system-backend\0.7.3\flogger-system-backend-0.7.3.jar;C:\Users\s542392\.m2\repository\com\google\flogger\flogger\0.7.3\flogger-0.7.3.jar;C:\Users\s542392\.m2\repository\org\checkerframework\checker-compat-qual\2.5.3\checker-compat-qual-2.5.3.jar;C:\Users\s542392\.m2\repository\com\google\api\gax\2.8.1\gax-2.8.1.jar;C:\Users\s542392\.m2\repository\com\google\api\gax-grpc\2.8.1\gax-grpc-2.8.1.jar;C:\Users\s542392\.m2\repository\io\grpc\grpc-xds\1.42.1\grpc-xds-1.42.1.jar;C:\Users\s542392\.m2\repository\com\google\api\gax-httpjson\0.93.1\gax-httpjson-0.93.1.jar;C:\Users\s542392\.m2\repository\com\google\api\api-common\2.1.2\api-common-2.1.2.jar;C:\Users\s542392\.m2\repository\javax\annotation\javax.annotation-api\1.3.2\javax.annotation-api-1.3.2.jar;C:\Users\s542392\.m2\repository\com\google\apis\google-api-services-healthcare\v1-rev20211016-1.32.1\google-api-services-healthcare-v1-rev20211016-1.32.1.jar;C:\Users\s542392\.m2\repository\com\google\apis\google-api-services-storage\v1-rev20211201-1.32.1\google-api-services-storage-v1-rev20211201-1.32.1.jar;C:\Users\s542392\.m2\repository\com\google\auth\google-auth-library-credentials\1.3.0\google-auth-library-credentials-1.3.0.jar;C:\Users\s542392\.m2\repository\com\google\auth\google-auth-library-oauth2-http\1.3.0\google-auth-library-oauth2-http-1.3.0.jar;C:\Users\s542392\.m2\repository\com\google\cloud\google-cloud-bigquerystorage\2.8.1\google-cloud-bigquerystorage-2.8.1.jar;C:\Users\s542392\.m2\repository\io\grpc\grpc-protobuf-lite\1.43.2\grpc-protobuf-lite-1.43.2.jar;C:\Users\s542392\.m2\repository\com\google\api\grpc\proto-google-cloud-bigquerystorage-v1beta1\0.132.1\proto-google-cloud-bigquerystorage-v1beta1-0.132.1.jar;C:\Users\s542392\.m2\repository\com\google\api\grpc\proto-google-cloud-bigquerystorage-v1beta2\0.132.1\proto-google-cloud-bigquerystorage-v1beta2-0.132.1.jar;C:\Users\s542392\.m2\repository\com\google\guava\failureaccess\1.0.1\failureaccess-1.0.1.jar;C:\Users\s542392\.m2\repository\com\google\guava\listenablefuture\9999.0-empty-to-avoid-conflict-with-guava\listenablefuture-9999.0-empty-to-avoid-conflict-with-guava.jar;C:\Users\s542392\.m2\repository\io\grpc\grpc-services\1.43.2\grpc-services-1.43.2.jar;C:\Users\s542392\.m2\repository\com\google\re2j\re2j\1.5\re2j-1.5.jar;C:\Users\s542392\.m2\repository\org\bouncycastle\bcpkix-jdk15on\1.67\bcpkix-jdk15on-1.67.jar;C:\Users\s542392\.m2\repository\org\bouncycastle\bcprov-jdk15on\1.67\bcprov-jdk15on-1.67.jar;C:\Users\s542392\.m2\repository\io\opencensus\opencensus-proto\0.2.0\opencensus-proto-0.2.0.jar;C:\Users\s542392\.m2\repository\org\json\json\20200518\json-20200518.jar;C:\Users\s542392\.m2\repository\com\google\android\annotations\4.1.1.4\annotations-4.1.1.4.jar;C:\Users\s542392\.m2\repository\org\codehaus\mojo\animal-sniffer-annotations\1.20\animal-sniffer-annotations-1.20.jar;C:\Users\s542392\.m2\repository\io\perfmark\perfmark-api\0.23.0\perfmark-api-0.23.0.jar;C:\Users\s542392\.m2\repository\com\google\api\grpc\proto-google-iam-v1\1.2.0\proto-google-iam-v1-1.2.0.jar;C:\Users\s542392\.m2\repository\commons-logging\commons-logging\1.2\commons-logging-1.2.jar;C:\Users\s542392\.m2\repository\commons-codec\commons-codec\1.15\commons-codec-1.15.jar;C:\Users\s542392\.m2\repository\com\google\api\grpc\grpc-google-cloud-bigquerystorage-v1beta1\0.132.1\grpc-google-cloud-bigquerystorage-v1beta1-0.132.1.jar;C:\Users\s542392\.m2\repository\com\google\api\grpc\grpc-google-cloud-bigquerystorage-v1beta2\0.132.1\grpc-google-cloud-bigquerystorage-v1beta2-0.132.1.jar;C:\Users\s542392\.m2\repository\com\google\api\grpc\grpc-google-cloud-bigquerystorage-v1\2.8.1\grpc-google-cloud-bigquerystorage-v1-2.8.1.jar;C:\Users\s542392\.m2\repository\com\google\cloud\bigtable\bigtable-client-core\1.25.1\bigtable-client-core-1.25.1.jar;C:\Users\s542392\.m2\repository\com\google\cloud\google-cloud-bigtable\2.5.1\google-cloud-bigtable-2.5.1.jar;C:\Users\s542392\.m2\repository\com\google\api\grpc\grpc-google-common-protos\2.7.1\grpc-google-common-protos-2.7.1.jar;C:\Users\s542392\.m2\repository\com\google\api\grpc\grpc-google-cloud-bigtable-v2\2.5.1\grpc-google-cloud-bigtable-v2-2.5.1.jar;C:\Users\s542392\.m2\repository\com\google\api\grpc\grpc-google-cloud-bigtable-admin-v2\2.5.1\grpc-google-cloud-bigtable-admin-v2-2.5.1.jar;C:\Users\s542392\.m2\repository\com\google\cloud\google-cloud-core-http\2.3.5\google-cloud-core-http-2.3.5.jar;C:\Users\s542392\.m2\repository\com\google\http-client\google-http-client-appengine\1.41.0\google-http-client-appengine-1.41.0.jar;C:\Users\s542392\.m2\repository\com\google\cloud\bigtable\bigtable-metrics-api\1.25.1\bigtable-metrics-api-1.25.1.jar;C:\Users\s542392\.m2\repository\io\opencensus\opencensus-contrib-grpc-util\0.28.0\opencensus-contrib-grpc-util-0.28.0.jar;C:\Users\s542392\.m2\repository\io\dropwizard\metrics\metrics-core\3.1.2\metrics-core-3.1.2.jar;C:\Users\s542392\.m2\repository\com\google\cloud\google-cloud-core\2.3.5\google-cloud-core-2.3.5.jar;C:\Users\s542392\.m2\repository\com\google\cloud\google-cloud-core-grpc\2.3.5\google-cloud-core-grpc-2.3.5.jar;C:\Users\s542392\.m2\repository\com\google\cloud\datastore\datastore-v1-proto-client\2.1.3\datastore-v1-proto-client-2.1.3.jar;C:\Users\s542392\.m2\repository\com\google\http-client\google-http-client-protobuf\1.41.0\google-http-client-protobuf-1.41.0.jar;C:\Users\s542392\.m2\repository\com\google\cloud\google-cloud-firestore\3.0.10\google-cloud-firestore-3.0.10.jar;C:\Users\s542392\.m2\repository\com\google\cloud\proto-google-cloud-firestore-bundle-v1\3.0.10\proto-google-cloud-firestore-bundle-v1-3.0.10.jar;C:\Users\s542392\.m2\repository\com\google\cloud\google-cloud-pubsublite\1.4.8\google-cloud-pubsublite-1.4.8.jar;C:\Users\s542392\.m2\repository\com\google\cloud\google-cloud-pubsub\1.115.1\google-cloud-pubsub-1.115.1.jar;C:\Users\s542392\.m2\repository\com\google\cloud\google-cloud-spanner\6.17.4\google-cloud-spanner-6.17.4.jar;C:\Users\s542392\.m2\repository\com\google\cloud\grpc-gcp\1.1.0\grpc-gcp-1.1.0.jar;C:\Users\s542392\.m2\repository\com\google\api\grpc\proto-google-cloud-spanner-admin-instance-v1\6.17.4\proto-google-cloud-spanner-admin-instance-v1-6.17.4.jar;C:\Users\s542392\.m2\repository\com\google\api\grpc\grpc-google-cloud-spanner-admin-instance-v1\6.17.4\grpc-google-cloud-spanner-admin-instance-v1-6.17.4.jar;C:\Users\s542392\.m2\repository\com\google\api\grpc\grpc-google-cloud-spanner-v1\6.17.4\grpc-google-cloud-spanner-v1-6.17.4.jar;C:\Users\s542392\.m2\repository\com\google\api\grpc\grpc-google-cloud-spanner-admin-database-v1\6.17.4\grpc-google-cloud-spanner-admin-database-v1-6.17.4.jar;C:\Users\s542392\.m2\repository\com\google\code\gson\gson\2.8.9\gson-2.8.9.jar;C:\Users\s542392\.m2\repository\com\google\http-client\google-http-client-jackson2\1.41.0\google-http-client-jackson2-1.41.0.jar;C:\Users\s542392\.m2\repository\io\grpc\grpc-alts\1.43.2\grpc-alts-1.43.2.jar;C:\Users\s542392\.m2\repository\io\grpc\grpc-api\1.43.2\grpc-api-1.43.2.jar;C:\Users\s542392\.m2\repository\io\grpc\grpc-auth\1.43.2\grpc-auth-1.43.2.jar;C:\Users\s542392\.m2\repository\io\grpc\grpc-core\1.43.2\grpc-core-1.43.2.jar;C:\Users\s542392\.m2\repository\io\grpc\grpc-context\1.43.2\grpc-context-1.43.2.jar;C:\Users\s542392\.m2\repository\io\grpc\grpc-grpclb\1.43.2\grpc-grpclb-1.43.2.jar;C:\Users\s542392\.m2\repository\io\grpc\grpc-netty\1.43.2\grpc-netty-1.43.2.jar;C:\Users\s542392\.m2\repository\io\netty\netty-codec-http2\4.1.63.Final\netty-codec-http2-4.1.63.Final.jar;C:\Users\s542392\.m2\repository\io\netty\netty-codec-http\4.1.63.Final\netty-codec-http-4.1.63.Final.jar;C:\Users\s542392\.m2\repository\io\netty\netty-handler-proxy\4.1.63.Final\netty-handler-proxy-4.1.63.Final.jar;C:\Users\s542392\.m2\repository\io\netty\netty-codec-socks\4.1.63.Final\netty-codec-socks-4.1.63.Final.jar;C:\Users\s542392\.m2\repository\io\grpc\grpc-netty-shaded\1.43.2\grpc-netty-shaded-1.43.2.jar;C:\Users\s542392\.m2\repository\io\grpc\grpc-protobuf\1.43.2\grpc-protobuf-1.43.2.jar;C:\Users\s542392\.m2\repository\io\grpc\grpc-stub\1.43.2\grpc-stub-1.43.2.jar;C:\Users\s542392\.m2\repository\com\google\api\grpc\grpc-google-cloud-pubsub-v1\1.97.1\grpc-google-cloud-pubsub-v1-1.97.1.jar;C:\Users\s542392\.m2\repository\com\google\api\grpc\grpc-google-cloud-pubsublite-v1\1.4.8\grpc-google-cloud-pubsublite-v1-1.4.8.jar;C:\Users\s542392\.m2\repository\com\google\guava\guava\31.0.1-jre\guava-31.0.1-jre.jar;C:\Users\s542392\.m2\repository\org\hamcrest\hamcrest\2.1\hamcrest-2.1.jar;C:\Users\s542392\.m2\repository\org\apache\httpcomponents\httpclient\4.5.13\httpclient-4.5.13.jar;C:\Users\s542392\.m2\repository\org\apache\httpcomponents\httpcore\4.4.14\httpcore-4.4.14.jar;C:\Users\s542392\.m2\repository\io\netty\netty-handler\4.1.52.Final\netty-handler-4.1.52.Final.jar;C:\Users\s542392\.m2\repository\io\netty\netty-common\4.1.52.Final\netty-common-4.1.52.Final.jar;C:\Users\s542392\.m2\repository\io\netty\netty-resolver\4.1.52.Final\netty-resolver-4.1.52.Final.jar;C:\Users\s542392\.m2\repository\io\netty\netty-buffer\4.1.52.Final\netty-buffer-4.1.52.Final.jar;C:\Users\s542392\.m2\repository\io\netty\netty-transport\4.1.52.Final\netty-transport-4.1.52.Final.jar;C:\Users\s542392\.m2\repository\io\netty\netty-codec\4.1.52.Final\netty-codec-4.1.52.Final.jar;C:\Users\s542392\.m2\repository\io\netty\netty-tcnative-boringssl-static\2.0.33.Final\netty-tcnative-boringssl-static-2.0.33.Final.jar;C:\Users\s542392\.m2\repository\com\google\api\grpc\proto-google-cloud-bigquerystorage-v1\2.8.1\proto-google-cloud-bigquerystorage-v1-2.8.1.jar;C:\Users\s542392\.m2\repository\com\google\api\grpc\proto-google-cloud-bigtable-admin-v2\2.5.1\proto-google-cloud-bigtable-admin-v2-2.5.1.jar;C:\Users\s542392\.m2\repository\com\google\api\grpc\proto-google-cloud-bigtable-v2\2.5.1\proto-google-cloud-bigtable-v2-2.5.1.jar;C:\Users\s542392\.m2\repository\com\google\api\grpc\proto-google-cloud-datastore-v1\0.93.2\proto-google-cloud-datastore-v1-0.93.2.jar;C:\Users\s542392\.m2\repository\com\google\api\grpc\proto-google-cloud-firestore-v1\3.0.10\proto-google-cloud-firestore-v1-3.0.10.jar;C:\Users\s542392\.m2\repository\com\google\api\grpc\proto-google-cloud-pubsub-v1\1.97.1\proto-google-cloud-pubsub-v1-1.97.1.jar;C:\Users\s542392\.m2\repository\com\google\api\grpc\proto-google-cloud-pubsublite-v1\1.4.8\proto-google-cloud-pubsublite-v1-1.4.8.jar;C:\Users\s542392\.m2\repository\com\google\api\grpc\proto-google-cloud-spanner-admin-database-v1\6.17.4\proto-google-cloud-spanner-admin-database-v1-6.17.4.jar;C:\Users\s542392\.m2\repository\com\google\api\grpc\proto-google-cloud-spanner-v1\6.17.4\proto-google-cloud-spanner-v1-6.17.4.jar;C:\Users\s542392\.m2\repository\com\google\api\grpc\proto-google-common-protos\2.7.1\proto-google-common-protos-2.7.1.jar;C:\Users\s542392\.m2\repository\com\google\protobuf\protobuf-java\3.19.2\protobuf-java-3.19.2.jar;C:\Users\s542392\.m2\repository\com\google\protobuf\protobuf-java-util\3.19.2\protobuf-java-util-3.19.2.jar;C:\Users\s542392\.m2\repository\org\apache\arrow\arrow-memory-core\5.0.0\arrow-memory-core-5.0.0.jar;C:\Users\s542392\.m2\repository\org\apache\arrow\arrow-vector\5.0.0\arrow-vector-5.0.0.jar;C:\Users\s542392\.m2\repository\org\apache\arrow\arrow-format\5.0.0\arrow-format-5.0.0.jar;C:\Users\s542392\.m2\repository\com\google\flatbuffers\flatbuffers-java\1.12.0\flatbuffers-java-1.12.0.jar;C:\Users\s542392\.m2\repository\org\threeten\threetenbp\1.4.4\threetenbp-1.4.4.jar;C:\Users\s542392\.m2\repository\io\opencensus\opencensus-api\0.30.0\opencensus-api-0.30.0.jar;C:\Users\s542392\.m2\repository\com\google\api-client\google-api-client\1.32.1\google-api-client-1.32.1.jar;C:\Users\s542392\.m2\repository\com\google\oauth-client\google-oauth-client\1.31.5\google-oauth-client-1.31.5.jar;C:\Users\s542392\.m2\repository\com\google\http-client\google-http-client-gson\1.41.0\google-http-client-gson-1.41.0.jar;C:\Users\s542392\.m2\repository\com\google\http-client\google-http-client-apache-v2\1.41.0\google-http-client-apache-v2-1.41.0.jar;C:\Users\s542392\.m2\repository\com\google\apis\google-api-services-bigquery\v2-rev20211129-1.32.1\google-api-services-bigquery-v2-rev20211129-1.32.1.jar;C:\Users\s542392\.m2\repository\com\google\http-client\google-http-client\1.41.0\google-http-client-1.41.0.jar;C:\Users\s542392\.m2\repository\com\google\j2objc\j2objc-annotations\1.3\j2objc-annotations-1.3.jar;C:\Users\s542392\.m2\repository\io\opencensus\opencensus-contrib-http-util\0.28.0\opencensus-contrib-http-util-0.28.0.jar;C:\Users\s542392\.m2\repository\com\google\apis\google-api-services-pubsub\v1-rev20211130-1.32.1\google-api-services-pubsub-v1-rev20211130-1.32.1.jar;C:\Users\s542392\.m2\repository\joda-time\joda-time\2.10.10\joda-time-2.10.10.jar;C:\Users\s542392\.m2\repository\org\slf4j\slf4j-api\1.7.30\slf4j-api-1.7.30.jar;C:\Users\s542392\.m2\repository\org\slf4j\slf4j-jdk14\1.7.30\slf4j-jdk14-1.7.30.jar;C:\Users\s542392\.m2\repository\org\hamcrest\hamcrest-core\2.1\hamcrest-core-2.1.jar;C:\Users\s542392\.m2\repository\org\hamcrest\hamcrest-library\2.1\hamcrest-library-2.1.jar;C:\Users\s542392\.m2\repository\junit\junit\4.13.1\junit-4.13.1.jar;C:\Users\s542392\.m2\repository\org\apache\beam\beam-runners-direct-java\2.36.0\beam-runners-direct-java-2.36.0.jar;C:\Users\s542392\.m2\repository\org\mockito\mockito-core\3.7.7\mockito-core-3.7.7.jar;C:\Users\s542392\.m2\repository\net\bytebuddy\byte-buddy\1.10.19\byte-buddy-1.10.19.jar;C:\Users\s542392\.m2\repository\net\bytebuddy\byte-buddy-agent\1.10.19\byte-buddy-agent-1.10.19.jar;C:\Users\s542392\.m2\repository\org\objenesis\objenesis\3.1\objenesis-3.1.jar;C:\Users\s542392\.m2\repository\org\apache\beam\beam-runners-portability-java\2.36.0\beam-runners-portability-java-2.36.0.jar;C:\Users\s542392\.m2\repository\org\apache\beam\beam-runners-java-fn-execution\2.36.0\beam-runners-java-fn-execution-2.36.0.jar;C:\Users\s542392\.m2\repository\org\apache\beam\beam-model-fn-execution\2.36.0\beam-model-fn-execution-2.36.0.jar;C:\Users\s542392\.m2\repository\org\apache\beam\beam-runners-java-job-service\2.36.0\beam-runners-java-job-service-2.36.0.jar;C:\Users\s542392\.m2\repository\args4j\args4j\2.33\args4j-2.33.jar;C:\Users\s542392\.m2\repository\org\apache\beam\beam-sdks-java-harness\2.36.0\beam-sdks-java-harness-2.36.0.jar;"/>
    <property name="sun.cpu.endian" value="little"/>
    <property name="user.home" value="C:\Users\s542392"/>
    <property name="user.language" value="en"/>
    <property name="java.specification.vendor" value="Oracle Corporation"/>
    <property name="java.version.date" value="2021-10-19"/>
    <property name="java.home" value="C:\Program Files\OpenJDK\openjdk-11.0.13_8"/>
    <property name="file.separator" value="\"/>
    <property name="basedir" value="C:\Users\s542392\Documents\44517\word-count-beam"/>
    <property name="java.vm.compressedOopsMode" value="32-bit"/>
    <property name="line.separator" value="&#10;"/>
    <property name="java.specification.name" value="Java Platform API Specification"/>
    <property name="java.vm.specification.vendor" value="Oracle Corporation"/>
    <property name="java.awt.graphicsenv" value="sun.awt.Win32GraphicsEnvironment"/>
    <property name="surefire.real.class.path" value="C:\Users\s542392\AppData\Local\Temp\surefire5368502593689541853\surefirebooter16307196801205181446.jar"/>
    <property name="user.script" value=""/>
    <property name="sun.management.compiler" value="HotSpot 64-Bit Tiered Compilers"/>
    <property name="java.runtime.version" value="11.0.13+8"/>
    <property name="user.name" value="s542392"/>
    <property name="path.separator" value=";"/>
    <property name="os.version" value="10.0"/>
    <property name="java.runtime.name" value="OpenJDK Runtime Environment"/>
    <property name="file.encoding" value="Cp1252"/>
    <property name="java.vm.name" value="OpenJDK 64-Bit Server VM"/>
    <property name="java.vendor.version" value="18.9"/>
    <property name="localRepository" value="C:\Users\s542392\.m2\repository"/>
    <property name="java.vendor.url.bug" value="https://bugreport.java.com/bugreport/"/>
    <property name="java.io.tmpdir" value="C:\Users\s542392\AppData\Local\Temp\"/>
    <property name="java.version" value="11.0.13"/>
    <property name="user.dir" value="C:\Users\s542392\Documents\44517\word-count-beam"/>
    <property name="os.arch" value="amd64"/>
    <property name="java.vm.specification.name" value="Java Virtual Machine Specification"/>
    <property name="java.awt.printerjob" value="sun.awt.windows.WPrinterJob"/>
    <property name="sun.os.patch.level" value=""/>
    <property name="java.library.path" value="C:\Program Files\OpenJDK\openjdk-11.0.13_8\bin;C:\WINDOWS\Sun\Java\bin;C:\WINDOWS\system32;C:\WINDOWS;C:\Program Files\Common Files\Oracle\Java\javapath;C:\app\db_home\bin;C:\Python39\Scripts\;C:\Python39\;C:\Program Files\AdoptOpenJDK\jdk-11.0.9.101-hotspot\bin;C:\WINDOWS\system32;C:\WINDOWS;C:\WINDOWS\System32\Wbem;C:\WINDOWS\System32\WindowsPowerShell\v1.0\;C:\WINDOWS\System32\OpenSSH\;C:\Program Files (x86)\Windows Live\Shared;C:\ProgramData\chocolatey\bin;C:\Program Files\nodejs\;C:\Program Files\dotnet\;C:\Program Files\Microsoft SQL Server\130\Tools\Binn\;C:\Program Files\Microsoft SQL Server\Client SDK\ODBC\170\Tools\Binn\;C:\Program Files\MongoDB\Server\4.4\bin;C:\Program Files\PuTTY\;C:\Program Files\Git\cmd;C:\ProgramData\chocolatey\lib\maven\apache-maven-3.8.4\bin;C:\Program Files\Microsoft VS Code\bin;C:\Python39;C:\Program Files\OpenJDK\openjdk-11.0.13_8\bin;C:\Program Files (x86)\dotnet\;C:\Program Files\TortoiseGit\bin;C:\Program Files\Go\bin;C:\Users\s542392\Anaconda3;C:\Users\s542392\Anaconda3\Library\mingw-w64\bin;C:\Users\s542392\Anaconda3\Library\usr\bin;C:\Users\s542392\Anaconda3\Library\bin;C:\Users\s542392\Anaconda3\Scripts;C:\Users\s542392\Miniconda3;C:\Users\s542392\Miniconda3\Library\mingw-w64\bin;C:\Users\s542392\Miniconda3\Library\usr\bin;C:\Users\s542392\Miniconda3\Library\bin;C:\Users\s542392\Miniconda3\Scripts;C:\Users\s542392\AppData\Local\Microsoft\WindowsApps;C:\Users\s542392\AppData\Local\Programs\Microsoft VS Code\bin;C:\Users\s542392\AppData\Local\GitHubDesktop\bin;C:\Users\s542392\AppData\Local\Microsoft\WindowsApps;C:\Users\s542392\AppData\Roaming\npm;C:\Program Files\heroku\bin;C:\Users\s542392\.dotnet\tools;C:\Gradle\gradle-6.9.1\bin;C:\spark-3.1.2-bin-hadoop3.2\bin;C:\spark-3.1.2-bin-hadoop3.2\bin;C:\Users\s542392\go\bin;."/>
    <property name="java.vm.info" value="mixed mode"/>
    <property name="java.vendor" value="Oracle Corporation"/>
    <property name="java.vm.version" value="11.0.13+8"/>
    <property name="sun.io.unicode.encoding" value="UnicodeLittle"/>
    <property name="java.class.version" value="55.0"/>
  </properties>
  <testcase name="testScoreUpdatesPerWindow" classname="org.apache.beam.examples.complete.game.StatefulTeamScoreTest" time="7.187"/>
  <testcase name="testScoreUpdatesPerTeam" classname="org.apache.beam.examples.complete.game.StatefulTeamScoreTest" time="7.186"/>
  <testcase name="testScoreUpdatesOneTeam" classname="org.apache.beam.examples.complete.game.StatefulTeamScoreTest" time="7.125"/>
</testsuite>